nohup: ignoring input
 * Serving Flask app 'main'
 * Debug mode: on
[31m[1mWARNING: This is a development server. Do not use it in a production deployment. Use a production WSGI server instead.[0m
 * Running on all addresses (0.0.0.0)
 * Running on http://127.0.0.1:8080
 * Running on http://10.88.0.4:8080
[33mPress CTRL+C to quit[0m
 * Restarting with stat
 * Debugger is active!
 * Debugger PIN: 394-861-595
 * Detected change in '/home/gguakim33/stock-app/stock-app/backend/services/api_service.py', reloading
 * Restarting with stat
Traceback (most recent call last):
  File "/home/gguakim33/stock-app/stock-app/backend/main.py", line 219, in <module>
    from routes.stock_routes import stock_bp
  File "/home/gguakim33/stock-app/stock-app/backend/routes/stock_routes.py", line 8, in <module>
    from services.api_service import get_stock_realtime_data, get_multiple_realtime_prices, get_financials_data, get_quant_rating
  File "/home/gguakim33/stock-app/stock-app/backend/services/api_service.py", line 14, in <module>
    app = FastAPI()
          ^^^^^^^
NameError: name 'FastAPI' is not defined
